2026-02-08 20:14:19 [main] INFO  c.emre.konumnot.KonumnotApplication - Starting KonumnotApplication using Java 21.0.5 with PID 4456 (D:\Projects\Emre\Personal\TestWebApp\konumnote\build\classes\java\main started by emre.akin in D:\Projects\Emre\Personal\TestWebApp)
2026-02-08 20:14:19 [main] INFO  c.emre.konumnot.KonumnotApplication - No active profile set, falling back to 1 default profile: "default"
2026-02-08 20:14:20 [main] INFO  o.s.d.r.c.RepositoryConfigurationDelegate - Bootstrapping Spring Data JPA repositories in DEFAULT mode.
2026-02-08 20:14:20 [main] INFO  o.s.d.r.c.RepositoryConfigurationDelegate - Finished Spring Data repository scanning in 61 ms. Found 2 JPA repository interfaces.
2026-02-08 20:14:21 [main] INFO  o.s.b.w.e.tomcat.TomcatWebServer - Tomcat initialized with port 8080 (http)
2026-02-08 20:14:21 [main] INFO  o.a.catalina.core.StandardService - Starting service [Tomcat]
2026-02-08 20:14:21 [main] INFO  o.a.catalina.core.StandardEngine - Starting Servlet engine: [Apache Tomcat/10.1.17]
2026-02-08 20:14:21 [main] INFO  o.a.c.c.C.[Tomcat].[localhost].[/] - Initializing Spring embedded WebApplicationContext
2026-02-08 20:14:21 [main] INFO  o.s.b.w.s.c.ServletWebServerApplicationContext - Root WebApplicationContext: initialization completed in 1705 ms
2026-02-08 20:14:21 [main] INFO  com.zaxxer.hikari.HikariDataSource - HikariPool-1 - Starting...
2026-02-08 20:14:21 [main] INFO  com.zaxxer.hikari.pool.HikariPool - HikariPool-1 - Added connection org.postgresql.jdbc.PgConnection@35bd8bc9
2026-02-08 20:14:21 [main] INFO  com.zaxxer.hikari.HikariDataSource - HikariPool-1 - Start completed.
2026-02-08 20:14:22 [main] INFO  o.f.c.i.license.VersionPrinter - Flyway Community Edition 9.22.3 by Redgate
2026-02-08 20:14:22 [main] INFO  o.f.c.i.license.VersionPrinter - See release notes here: https://rd.gt/416ObMi
2026-02-08 20:14:22 [main] INFO  o.f.c.i.license.VersionPrinter - 
2026-02-08 20:14:22 [main] INFO  org.flywaydb.core.FlywayExecutor - Database: jdbc:postgresql://localhost:5432/apps (PostgreSQL 17.2)
2026-02-08 20:14:22 [main] WARN  o.f.c.i.database.base.Database - Flyway upgrade recommended: PostgreSQL 17.2 is newer than this version of Flyway and support has not been tested. The latest supported version of PostgreSQL is 15.
2026-02-08 20:14:22 [main] INFO  o.f.core.internal.command.DbValidate - Successfully validated 2 migrations (execution time 00:00.038s)
2026-02-08 20:14:22 [main] INFO  o.f.core.internal.command.DbMigrate - Current version of schema "public": 1
2026-02-08 20:14:22 [main] INFO  o.f.core.internal.command.DbMigrate - Schema "public" is up to date. No migration necessary.
2026-02-08 20:14:22 [main] INFO  o.h.jpa.internal.util.LogHelper - HHH000204: Processing PersistenceUnitInfo [name: default]
2026-02-08 20:14:22 [main] INFO  org.hibernate.Version - HHH000412: Hibernate ORM core version 6.4.1.Final
2026-02-08 20:14:22 [main] INFO  o.h.s.integration.SpatialService - HHH80000001: hibernate-spatial integration enabled : true
2026-02-08 20:14:22 [main] INFO  o.h.c.i.RegionFactoryInitiator - HHH000026: Second-level cache disabled
2026-02-08 20:14:22 [main] WARN  org.hibernate.orm.deprecation - HHH90000026: PostgisPG10Dialect has been deprecated; use org.hibernate.dialect.PostgreSQLDialect instead
2026-02-08 20:14:22 [main] INFO  org.hibernate.spatial - HHH80000003: hibernate-spatial adding type contributions from : org.hibernate.spatial.dialect.postgis.PostgisDialectContributor
2026-02-08 20:14:23 [main] INFO  o.s.o.j.p.SpringPersistenceUnitInfo - No LoadTimeWeaver setup: ignoring JPA class transformer
2026-02-08 20:14:23 [main] INFO  org.hibernate.spatial - HHH80000003: hibernate-spatial adding type contributions from : org.hibernate.spatial.dialect.postgis.PostgisDialectContributor
2026-02-08 20:14:23 [main] INFO  org.hibernate.spatial - HHH80000004: hibernate-spatial adding function contributions from : org.hibernate.spatial.dialect.postgis.PostgisDialectContributor
2026-02-08 20:14:24 [main] INFO  o.h.e.t.j.p.i.JtaPlatformInitiator - HHH000489: No JTA platform available (set 'hibernate.transaction.jta.platform' to enable JTA platform integration)
2026-02-08 20:14:24 [main] INFO  o.s.o.j.LocalContainerEntityManagerFactoryBean - Initialized JPA EntityManagerFactory for persistence unit 'default'
2026-02-08 20:14:24 [main] INFO  o.s.d.j.r.query.QueryEnhancerFactory - Hibernate is in classpath; If applicable, HQL parser will be used.
2026-02-08 20:14:24 [main] WARN  o.s.b.a.o.j.JpaBaseConfiguration$JpaWebConfiguration - spring.jpa.open-in-view is enabled by default. Therefore, database queries may be performed during view rendering. Explicitly configure spring.jpa.open-in-view to disable this warning
2026-02-08 20:14:25 [main] INFO  o.s.b.w.e.tomcat.TomcatWebServer - Tomcat started on port 8080 (http) with context path ''
2026-02-08 20:14:25 [main] INFO  c.emre.konumnot.KonumnotApplication - Started KonumnotApplication in 6.25 seconds (process running for 7.648)
2026-02-08 20:14:28 [http-nio-8080-exec-1] INFO  o.a.c.c.C.[Tomcat].[localhost].[/] - Initializing Spring DispatcherServlet 'dispatcherServlet'
2026-02-08 20:14:28 [http-nio-8080-exec-1] INFO  o.s.web.servlet.DispatcherServlet - Initializing Servlet 'dispatcherServlet'
2026-02-08 20:14:28 [http-nio-8080-exec-1] INFO  o.s.web.servlet.DispatcherServlet - Completed initialization in 2 ms
2026-02-08 20:14:29 [http-nio-8080-exec-1] INFO  c.emre.konumnot.service.UserService - Yeni kullanıcı oluşturuldu: uuid=862b1d5b-62c1-41ac-a7e2-f2924279a45f
2026-02-08 20:14:29 [http-nio-8080-exec-1] INFO  c.e.k.c.LocationNoteController - GET /konumnot/api/notes - Tüm notlar getiriliyor, user: 1
2026-02-08 20:14:29 [http-nio-8080-exec-1] INFO  c.e.k.service.LocationNoteService - Kullanıcının tüm notları getiriliyor: 1
2026-02-08 20:14:29 [http-nio-8080-exec-1] INFO  c.e.k.service.LocationNoteService - 0 adet not bulundu
2026-02-08 20:14:34 [SpringApplicationShutdownHook] INFO  o.s.o.j.LocalContainerEntityManagerFactoryBean - Closing JPA EntityManagerFactory for persistence unit 'default'
2026-02-08 20:14:34 [SpringApplicationShutdownHook] INFO  com.zaxxer.hikari.HikariDataSource - HikariPool-1 - Shutdown initiated...
2026-02-08 20:14:34 [SpringApplicationShutdownHook] INFO  com.zaxxer.hikari.HikariDataSource - HikariPool-1 - Shutdown completed.
